<?xml version="1.0" encoding="UTF-8"?>
<!-- Generated by org.testng.reporters.JUnitReportReporter -->
<testsuite hostname="DESKTOP-A3869UV" failures="0" tests="1" name="MianProject.ValidateTitle" time="0.125" errors="0" timestamp="2022-04-27T22:36:56 IST" skipped="0">
  <testcase classname="MianProject.ValidateTitle" name="Landingpage" time="0.125"/>
  <system-out/>
</testsuite> <!-- MianProject.ValidateTitle -->
