<?xml version="1.0" encoding="UTF-8"?>
<!-- Generated by org.testng.reporters.JUnitReportReporter -->
<testsuite hostname="DESKTOP-A3869UV" failures="0" tests="2" name="MainProject.Homepage" time="0.659" errors="0" timestamp="2022-05-01T11:37:24 IST" skipped="0">
  <testcase classname="MainProject.Homepage" name="Landingpage" time="0.299"/>
  <system-out/>
  <testcase classname="MainProject.Homepage" name="Landingpage" time="0.360"/>
  <system-out/>
</testsuite> <!-- MainProject.Homepage -->
