<?xml version="1.0" encoding="UTF-8"?>
<!-- Generated by org.testng.reporters.JUnitReportReporter -->
<testsuite hostname="DESKTOP-A3869UV" failures="0" tests="2" name="MianProject.Homepage" time="0.450" errors="0" timestamp="2022-04-27T22:38:16 IST" skipped="0">
  <testcase classname="MianProject.Homepage" name="Landingpage" time="0.212"/>
  <system-out/>
  <testcase classname="MianProject.Homepage" name="Landingpage" time="0.238"/>
  <system-out/>
</testsuite> <!-- MianProject.Homepage -->
