<?xml version="1.0" encoding="UTF-8"?>
<!-- Generated by org.testng.reporters.JUnitReportReporter -->
<testsuite hostname="DESKTOP-A3869UV" failures="0" tests="2" name="MainProject.Homepage" time="0.538" errors="0" timestamp="2022-05-01T13:30:56 IST" skipped="0">
  <testcase classname="MainProject.Homepage" name="Landingpage" time="0.282"/>
  <system-out/>
  <testcase classname="MainProject.Homepage" name="Landingpage" time="0.256"/>
  <system-out/>
</testsuite> <!-- MainProject.Homepage -->
